app/build/outputs/logs/manifest-merger-debug-report.txt
-- Merging decision tree log ---
manifest
ADDED from src\main\AndroidManifest.xml:2:1-145:12
	package
		ADDED from src\main\AndroidManifest.xml:3:5-44
		INJECTED from src\main\AndroidManifest.xml
		INJECTED from src\main\AndroidManifest.xml
	android:versionName
		INJECTED from src\main\AndroidManifest.xml
		INJECTED from src\main\AndroidManifest.xml
	xmlns:android
		ADDED from src\main\AndroidManifest.xml:2:11-69
	android:versionCode
		INJECTED from src\main\AndroidManifest.xml
		INJECTED from src\main\AndroidManifest.xml
uses-permission#android.permission.INTERNET
ADDED from src\main\AndroidManifest.xml:5:5-67
	android:name
		ADDED from src\main\AndroidManifest.xml:5:22-64
application
ADDED from src\main\AndroidManifest.xml:7:5-143:19
MERGED from [com.android.support:appcompat-v7:21.0.3] AndroidManifest.xml:16:5-19
MERGED from [com.facebook.android:facebook-android-sdk:3.21.1] AndroidManifest.xml:24:5-20
MERGED from [com.android.support:support-v4:21.0.3] AndroidManifest.xml:16:5-19
	android:label
		ADDED from src\main\AndroidManifest.xml:10:9-41
	android:allowBackup
		ADDED from src\main\AndroidManifest.xml:8:9-35
	android:icon
		ADDED from src\main\AndroidManifest.xml:9:9-38
	android:theme
		ADDED from src\main\AndroidManifest.xml:11:9-40
meta-data#com.facebook.sdk.ApplicationId
ADDED from src\main\AndroidManifest.xml:12:9-14:55
	android:value
		ADDED from src\main\AndroidManifest.xml:14:13-52
	android:name
		ADDED from src\main\AndroidManifest.xml:13:13-58
activity#com.app.nsc.learningfunnymath.Main
ADDED from src\main\AndroidManifest.xml:16:9-25:20
	android:screenOrientation
		ADDED from src\main\AndroidManifest.xml:19:13-56
	android:label
		ADDED from src\main\AndroidManifest.xml:18:13-45
	android:name
		ADDED from src\main\AndroidManifest.xml:17:13-33
intent-filter#android.intent.action.MAIN+android.intent.category.LAUNCHER
ADDED from src\main\AndroidManifest.xml:20:13-24:29
action#android.intent.action.MAIN
ADDED from src\main\AndroidManifest.xml:21:17-69
	android:name
		ADDED from src\main\AndroidManifest.xml:21:25-66
category#android.intent.category.LAUNCHER
ADDED from src\main\AndroidManifest.xml:23:17-77
	android:name
		ADDED from src\main\AndroidManifest.xml:23:27-74
activity#com.app.nsc.learningfunnymath.LearnSelector
ADDED from src\main\AndroidManifest.xml:26:9-34:20
	android:screenOrientation
		ADDED from src\main\AndroidManifest.xml:30:13-56
	android:label
		ADDED from src\main\AndroidManifest.xml:28:13-66
	android:parentActivityName
		ADDED from src\main\AndroidManifest.xml:29:13-47
	android:name
		ADDED from src\main\AndroidManifest.xml:27:13-42
meta-data#android.support.PARENT_ACTIVITY
ADDED from src\main\AndroidManifest.xml:31:13-33:70
	android:value
		ADDED from src\main\AndroidManifest.xml:33:17-67
	android:name
		ADDED from src\main\AndroidManifest.xml:32:17-63
activity#com.app.nsc.learningfunnymath.GameSelector
ADDED from src\main\AndroidManifest.xml:35:9-43:20
	android:screenOrientation
		ADDED from src\main\AndroidManifest.xml:39:13-56
	android:label
		ADDED from src\main\AndroidManifest.xml:37:13-65
	android:parentActivityName
		ADDED from src\main\AndroidManifest.xml:38:13-47
	android:name
		ADDED from src\main\AndroidManifest.xml:36:13-41
activity#com.app.nsc.learningfunnymath.Bingo
ADDED from src\main\AndroidManifest.xml:44:9-52:20
	android:screenOrientation
		ADDED from src\main\AndroidManifest.xml:48:13-56
	android:label
		ADDED from src\main\AndroidManifest.xml:46:13-57
	android:parentActivityName
		ADDED from src\main\AndroidManifest.xml:47:13-61
	android:name
		ADDED from src\main\AndroidManifest.xml:45:13-34
activity#com.app.nsc.learningfunnymath.Matching
ADDED from src\main\AndroidManifest.xml:53:9-61:20
	android:screenOrientation
		ADDED from src\main\AndroidManifest.xml:57:13-56
	android:label
		ADDED from src\main\AndroidManifest.xml:55:13-60
	android:parentActivityName
		ADDED from src\main\AndroidManifest.xml:56:13-64
	android:name
		ADDED from src\main\AndroidManifest.xml:54:13-37
activity#com.app.nsc.learningfunnymath.BingoLevelSelector
ADDED from src\main\AndroidManifest.xml:62:9-70:20
	android:screenOrientation
		ADDED from src\main\AndroidManifest.xml:66:13-56
	android:label
		ADDED from src\main\AndroidManifest.xml:64:13-72
	android:parentActivityName
		ADDED from src\main\AndroidManifest.xml:65:13-55
	android:name
		ADDED from src\main\AndroidManifest.xml:63:13-47
activity#com.app.nsc.learningfunnymath.BingoScore
ADDED from src\main\AndroidManifest.xml:71:9-79:20
	android:screenOrientation
		ADDED from src\main\AndroidManifest.xml:75:13-56
	android:label
		ADDED from src\main\AndroidManifest.xml:73:13-63
	android:parentActivityName
		ADDED from src\main\AndroidManifest.xml:74:13-61
	android:name
		ADDED from src\main\AndroidManifest.xml:72:13-39
activity#com.app.nsc.learningfunnymath.MatchingLevelSelector
ADDED from src\main\AndroidManifest.xml:80:9-88:20
	android:screenOrientation
		ADDED from src\main\AndroidManifest.xml:84:13-56
	android:label
		ADDED from src\main\AndroidManifest.xml:82:13-75
	android:parentActivityName
		ADDED from src\main\AndroidManifest.xml:83:13-55
	android:name
		ADDED from src\main\AndroidManifest.xml:81:13-50
activity#com.app.nsc.learningfunnymath.MatchingScore
ADDED from src\main\AndroidManifest.xml:89:9-97:20
	android:screenOrientation
		ADDED from src\main\AndroidManifest.xml:93:13-56
	android:label
		ADDED from src\main\AndroidManifest.xml:91:13-66
	android:parentActivityName
		ADDED from src\main\AndroidManifest.xml:92:13-64
	android:name
		ADDED from src\main\AndroidManifest.xml:90:13-42
activity#com.app.nsc.learningfunnymath.Naming
ADDED from src\main\AndroidManifest.xml:98:9-106:20
	android:screenOrientation
		ADDED from src\main\AndroidManifest.xml:102:13-56
	android:label
		ADDED from src\main\AndroidManifest.xml:100:13-58
	android:parentActivityName
		ADDED from src\main\AndroidManifest.xml:101:13-47
	android:name
		ADDED from src\main\AndroidManifest.xml:99:13-35
activity#com.app.nsc.learningfunnymath.Addition
ADDED from src\main\AndroidManifest.xml:107:9-115:20
	android:screenOrientation
		ADDED from src\main\AndroidManifest.xml:111:13-56
	android:label
		ADDED from src\main\AndroidManifest.xml:109:13-60
	android:parentActivityName
		ADDED from src\main\AndroidManifest.xml:110:13-56
	android:name
		ADDED from src\main\AndroidManifest.xml:108:13-37
activity#com.app.nsc.learningfunnymath.Subtraction
ADDED from src\main\AndroidManifest.xml:116:9-124:20
	android:screenOrientation
		ADDED from src\main\AndroidManifest.xml:120:13-56
	android:label
		ADDED from src\main\AndroidManifest.xml:118:13-63
	android:parentActivityName
		ADDED from src\main\AndroidManifest.xml:119:13-56
	android:name
		ADDED from src\main\AndroidManifest.xml:117:13-40
activity#com.app.nsc.learningfunnymath.Multiplication
ADDED from src\main\AndroidManifest.xml:125:9-133:20
	android:screenOrientation
		ADDED from src\main\AndroidManifest.xml:129:13-56
	android:label
		ADDED from src\main\AndroidManifest.xml:127:13-66
	android:parentActivityName
		ADDED from src\main\AndroidManifest.xml:128:13-56
	android:name
		ADDED from src\main\AndroidManifest.xml:126:13-43
activity#com.app.nsc.learningfunnymath.Division
ADDED from src\main\AndroidManifest.xml:134:9-142:20
	android:screenOrientation
		ADDED from src\main\AndroidManifest.xml:138:13-56
	android:label
		ADDED from src\main\AndroidManifest.xml:136:13-60
	android:parentActivityName
		ADDED from src\main\AndroidManifest.xml:137:13-56
	android:name
		ADDED from src\main\AndroidManifest.xml:135:13-37
uses-sdk
INJECTED from src\main\AndroidManifest.xml reason: use-sdk injection requested
MERGED from [com.android.support:appcompat-v7:21.0.3] AndroidManifest.xml:15:5-42
MERGED from [com.facebook.android:facebook-android-sdk:3.21.1] AndroidManifest.xml:20:5-22:41
MERGED from [com.android.support:support-v4:21.0.3] AndroidManifest.xml:15:5-42
	android:targetSdkVersion
		INJECTED from src\main\AndroidManifest.xml
		INJECTED from src\main\AndroidManifest.xml
	android:minSdkVersion
		INJECTED from src\main\AndroidManifest.xml
		INJECTED from src\main\AndroidManifest.xml